0 info it worked if it ends with ok
1 verbose cli [ '/Users/oskarwrobel/.nvm/versions/node/v7.4.0/bin/node',
1 verbose cli   '/Users/oskarwrobel/.nvm/versions/node/v7.4.0/bin/npm',
1 verbose cli   'run',
1 verbose cli   'lint' ]
2 info using npm@4.0.5
3 info using node@v7.4.0
4 verbose run-script [ 'prelint', 'lint', 'postlint' ]
5 info lifecycle battleships-dev-tools@0.0.1~prelint: battleships-dev-tools@0.0.1
6 silly lifecycle battleships-dev-tools@0.0.1~prelint: no script for prelint, continuing
7 info lifecycle battleships-dev-tools@0.0.1~lint: battleships-dev-tools@0.0.1
8 verbose lifecycle battleships-dev-tools@0.0.1~lint: unsafe-perm in lifecycle true
9 verbose lifecycle battleships-dev-tools@0.0.1~lint: PATH: /Users/oskarwrobel/.nvm/versions/node/v7.4.0/lib/node_modules/npm/bin/node-gyp-bin:/Users/oskarwrobel/Projects/battleships/battleships-dev-tools/node_modules/.bin:/Users/oskarwrobel/.nvm/versions/node/v7.4.0/bin:/usr/local/bin:/usr/bin:/bin:/usr/sbin:/sbin
10 verbose lifecycle battleships-dev-tools@0.0.1~lint: CWD: /Users/oskarwrobel/Projects/battleships/battleships-dev-tools
11 silly lifecycle battleships-dev-tools@0.0.1~lint: Args: [ '-c', 'gulp lint' ]
12 silly lifecycle battleships-dev-tools@0.0.1~lint: Returned: code: 1  signal: null
13 info lifecycle battleships-dev-tools@0.0.1~lint: Failed to exec lint script
14 verbose stack Error: battleships-dev-tools@0.0.1 lint: `gulp lint`
14 verbose stack Exit status 1
14 verbose stack     at EventEmitter.<anonymous> (/Users/oskarwrobel/.nvm/versions/node/v7.4.0/lib/node_modules/npm/lib/utils/lifecycle.js:279:16)
14 verbose stack     at emitTwo (events.js:106:13)
14 verbose stack     at EventEmitter.emit (events.js:191:7)
14 verbose stack     at ChildProcess.<anonymous> (/Users/oskarwrobel/.nvm/versions/node/v7.4.0/lib/node_modules/npm/lib/utils/spawn.js:40:14)
14 verbose stack     at emitTwo (events.js:106:13)
14 verbose stack     at ChildProcess.emit (events.js:191:7)
14 verbose stack     at maybeClose (internal/child_process.js:885:16)
14 verbose stack     at Process.ChildProcess._handle.onexit (internal/child_process.js:226:5)
15 verbose pkgid battleships-dev-tools@0.0.1
16 verbose cwd /Users/oskarwrobel/Projects/battleships/battleships-dev-tools
17 error Darwin 16.4.0
18 error argv "/Users/oskarwrobel/.nvm/versions/node/v7.4.0/bin/node" "/Users/oskarwrobel/.nvm/versions/node/v7.4.0/bin/npm" "run" "lint"
19 error node v7.4.0
20 error npm  v4.0.5
21 error code ELIFECYCLE
22 error battleships-dev-tools@0.0.1 lint: `gulp lint`
22 error Exit status 1
23 error Failed at the battleships-dev-tools@0.0.1 lint script 'gulp lint'.
23 error Make sure you have the latest version of node.js and npm installed.
23 error If you do, this is most likely a problem with the battleships-dev-tools package,
23 error not with npm itself.
23 error Tell the author that this fails on your system:
23 error     gulp lint
23 error You can get information on how to open an issue for this project with:
23 error     npm bugs battleships-dev-tools
23 error Or if that isn't available, you can get their info via:
23 error     npm owner ls battleships-dev-tools
23 error There is likely additional logging output above.
24 verbose exit [ 1, true ]
